C:\VC\修了課題\KADAI9700\DEBUG\KADAI9703.EXE
C:\VC\修了課題\KADAI9700\DEBUG\KADAI9703.ILK
C:\VC\修了課題\KADAI9700\DEBUG\KADAI9703.PDB
C:\vc\修了課題\kadai9700\kadai9703\Debug\cl.command.1.tlog
C:\vc\修了課題\kadai9700\kadai9703\Debug\CL.read.1.tlog
C:\vc\修了課題\kadai9700\kadai9703\Debug\CL.write.1.tlog
C:\VC\修了課題\KADAI9700\KADAI9703\DEBUG\KADAI9703.EXE.EMBED.MANIFEST
C:\VC\修了課題\KADAI9700\KADAI9703\DEBUG\KADAI9703.EXE.EMBED.MANIFEST.RES
C:\VC\修了課題\KADAI9700\KADAI9703\DEBUG\KADAI9703.EXE.INTERMEDIATE.MANIFEST
C:\VC\修了課題\KADAI9700\KADAI9703\DEBUG\KADAI9703.OBJ
C:\vc\修了課題\kadai9700\kadai9703\Debug\kadai9703_manifest.rc
C:\vc\修了課題\kadai9700\kadai9703\Debug\link.4296.read.1.tlog
C:\vc\修了課題\kadai9700\kadai9703\Debug\link.4296.write.1.tlog
C:\vc\修了課題\kadai9700\kadai9703\Debug\link.4296-cvtres.read.1.tlog
C:\vc\修了課題\kadai9700\kadai9703\Debug\link.4296-cvtres.write.1.tlog
C:\vc\修了課題\kadai9700\kadai9703\Debug\link.command.1.tlog
C:\vc\修了課題\kadai9700\kadai9703\Debug\link.read.1.tlog
C:\vc\修了課題\kadai9700\kadai9703\Debug\link.write.1.tlog
C:\vc\修了課題\kadai9700\kadai9703\Debug\link-cvtres.read.1.tlog
C:\vc\修了課題\kadai9700\kadai9703\Debug\link-cvtres.write.1.tlog
C:\vc\修了課題\kadai9700\kadai9703\Debug\mt.command.1.tlog
C:\vc\修了課題\kadai9700\kadai9703\Debug\mt.read.1.tlog
C:\vc\修了課題\kadai9700\kadai9703\Debug\mt.write.1.tlog
C:\vc\修了課題\kadai9700\kadai9703\Debug\rc.command.1.tlog
C:\vc\修了課題\kadai9700\kadai9703\Debug\rc.read.1.tlog
C:\vc\修了課題\kadai9700\kadai9703\Debug\rc.write.1.tlog
C:\vc\修了課題\kadai9700\kadai9703\Debug\vc100.idb
C:\VC\修了課題\KADAI9700\KADAI9703\DEBUG\VC100.PDB
