C:\VC\修了課題\KADAI9700\DEBUG\KADAI9705.EXE
C:\VC\修了課題\KADAI9700\DEBUG\KADAI9705.ILK
C:\VC\修了課題\KADAI9700\DEBUG\KADAI9705.PDB
C:\vc\修了課題\kadai9700\kadai9705\Debug\cl.command.1.tlog
C:\vc\修了課題\kadai9700\kadai9705\Debug\CL.read.1.tlog
C:\vc\修了課題\kadai9700\kadai9705\Debug\CL.write.1.tlog
C:\VC\修了課題\KADAI9700\KADAI9705\DEBUG\KADAI9705.EXE.EMBED.MANIFEST
C:\VC\修了課題\KADAI9700\KADAI9705\DEBUG\KADAI9705.EXE.EMBED.MANIFEST.RES
C:\VC\修了課題\KADAI9700\KADAI9705\DEBUG\KADAI9705.EXE.INTERMEDIATE.MANIFEST
C:\VC\修了課題\KADAI9700\KADAI9705\DEBUG\KADAI9705.OBJ
C:\vc\修了課題\kadai9700\kadai9705\Debug\kadai9705_manifest.rc
C:\vc\修了課題\kadai9700\kadai9705\Debug\link.5404.read.1.tlog
C:\vc\修了課題\kadai9700\kadai9705\Debug\link.5404.write.1.tlog
C:\vc\修了課題\kadai9700\kadai9705\Debug\link.5404-cvtres.read.1.tlog
C:\vc\修了課題\kadai9700\kadai9705\Debug\link.5404-cvtres.write.1.tlog
C:\vc\修了課題\kadai9700\kadai9705\Debug\link.command.1.tlog
C:\vc\修了課題\kadai9700\kadai9705\Debug\link.read.1.tlog
C:\vc\修了課題\kadai9700\kadai9705\Debug\link.write.1.tlog
C:\vc\修了課題\kadai9700\kadai9705\Debug\link-cvtres.read.1.tlog
C:\vc\修了課題\kadai9700\kadai9705\Debug\link-cvtres.write.1.tlog
C:\vc\修了課題\kadai9700\kadai9705\Debug\mt.command.1.tlog
C:\vc\修了課題\kadai9700\kadai9705\Debug\mt.read.1.tlog
C:\vc\修了課題\kadai9700\kadai9705\Debug\mt.write.1.tlog
C:\vc\修了課題\kadai9700\kadai9705\Debug\rc.command.1.tlog
C:\vc\修了課題\kadai9700\kadai9705\Debug\rc.read.1.tlog
C:\vc\修了課題\kadai9700\kadai9705\Debug\rc.write.1.tlog
C:\vc\修了課題\kadai9700\kadai9705\Debug\vc100.idb
C:\VC\修了課題\KADAI9700\KADAI9705\DEBUG\VC100.PDB
