C:\VC\修了課題\KADAI9800\DEBUG\KADAI9804.EXE
C:\VC\修了課題\KADAI9800\DEBUG\KADAI9804.ILK
C:\VC\修了課題\KADAI9800\DEBUG\KADAI9804.PDB
C:\vc\修了課題\kadai9800\kadai9804\Debug\cl.command.1.tlog
C:\vc\修了課題\kadai9800\kadai9804\Debug\CL.read.1.tlog
C:\vc\修了課題\kadai9800\kadai9804\Debug\CL.write.1.tlog
C:\VC\修了課題\KADAI9800\KADAI9804\DEBUG\KADAI9804.EXE.EMBED.MANIFEST
C:\VC\修了課題\KADAI9800\KADAI9804\DEBUG\KADAI9804.EXE.EMBED.MANIFEST.RES
C:\VC\修了課題\KADAI9800\KADAI9804\DEBUG\KADAI9804.EXE.INTERMEDIATE.MANIFEST
C:\VC\修了課題\KADAI9800\KADAI9804\DEBUG\KADAI9804.OBJ
C:\vc\修了課題\kadai9800\kadai9804\Debug\kadai9804_manifest.rc
C:\vc\修了課題\kadai9800\kadai9804\Debug\link.6440.read.1.tlog
C:\vc\修了課題\kadai9800\kadai9804\Debug\link.6440.write.1.tlog
C:\vc\修了課題\kadai9800\kadai9804\Debug\link.6440-cvtres.read.1.tlog
C:\vc\修了課題\kadai9800\kadai9804\Debug\link.6440-cvtres.write.1.tlog
C:\vc\修了課題\kadai9800\kadai9804\Debug\link.7876.read.1.tlog
C:\vc\修了課題\kadai9800\kadai9804\Debug\link.7876.write.1.tlog
C:\vc\修了課題\kadai9800\kadai9804\Debug\link.7876-cvtres.read.1.tlog
C:\vc\修了課題\kadai9800\kadai9804\Debug\link.7876-cvtres.write.1.tlog
C:\vc\修了課題\kadai9800\kadai9804\Debug\link.command.1.tlog
C:\vc\修了課題\kadai9800\kadai9804\Debug\link.read.1.tlog
C:\vc\修了課題\kadai9800\kadai9804\Debug\link.write.1.tlog
C:\vc\修了課題\kadai9800\kadai9804\Debug\link-cvtres.read.1.tlog
C:\vc\修了課題\kadai9800\kadai9804\Debug\link-cvtres.write.1.tlog
C:\vc\修了課題\kadai9800\kadai9804\Debug\mt.command.1.tlog
C:\vc\修了課題\kadai9800\kadai9804\Debug\mt.read.1.tlog
C:\vc\修了課題\kadai9800\kadai9804\Debug\mt.write.1.tlog
C:\vc\修了課題\kadai9800\kadai9804\Debug\rc.command.1.tlog
C:\vc\修了課題\kadai9800\kadai9804\Debug\rc.read.1.tlog
C:\vc\修了課題\kadai9800\kadai9804\Debug\rc.write.1.tlog
C:\vc\修了課題\kadai9800\kadai9804\Debug\vc100.idb
C:\VC\修了課題\KADAI9800\KADAI9804\DEBUG\VC100.PDB
