C:\VC\修了課題\KADAI9800\DEBUG\KADAI9803.EXE
C:\VC\修了課題\KADAI9800\DEBUG\KADAI9803.ILK
C:\VC\修了課題\KADAI9800\DEBUG\KADAI9803.PDB
C:\vc\修了課題\kadai9800\kadai9803\Debug\cl.command.1.tlog
C:\vc\修了課題\kadai9800\kadai9803\Debug\CL.read.1.tlog
C:\vc\修了課題\kadai9800\kadai9803\Debug\CL.write.1.tlog
C:\VC\修了課題\KADAI9800\KADAI9803\DEBUG\KADAI9803.EXE.EMBED.MANIFEST
C:\VC\修了課題\KADAI9800\KADAI9803\DEBUG\KADAI9803.EXE.EMBED.MANIFEST.RES
C:\VC\修了課題\KADAI9800\KADAI9803\DEBUG\KADAI9803.EXE.INTERMEDIATE.MANIFEST
C:\VC\修了課題\KADAI9800\KADAI9803\DEBUG\KADAI9803.OBJ
C:\vc\修了課題\kadai9800\kadai9803\Debug\kadai9803_manifest.rc
C:\vc\修了課題\kadai9800\kadai9803\Debug\link.5580.read.1.tlog
C:\vc\修了課題\kadai9800\kadai9803\Debug\link.5580.write.1.tlog
C:\vc\修了課題\kadai9800\kadai9803\Debug\link.5580-cvtres.read.1.tlog
C:\vc\修了課題\kadai9800\kadai9803\Debug\link.5580-cvtres.write.1.tlog
C:\vc\修了課題\kadai9800\kadai9803\Debug\link.744.read.1.tlog
C:\vc\修了課題\kadai9800\kadai9803\Debug\link.744.write.1.tlog
C:\vc\修了課題\kadai9800\kadai9803\Debug\link.744-cvtres.read.1.tlog
C:\vc\修了課題\kadai9800\kadai9803\Debug\link.744-cvtres.write.1.tlog
C:\vc\修了課題\kadai9800\kadai9803\Debug\link.command.1.tlog
C:\vc\修了課題\kadai9800\kadai9803\Debug\link.read.1.tlog
C:\vc\修了課題\kadai9800\kadai9803\Debug\link.write.1.tlog
C:\vc\修了課題\kadai9800\kadai9803\Debug\link-cvtres.read.1.tlog
C:\vc\修了課題\kadai9800\kadai9803\Debug\link-cvtres.write.1.tlog
C:\vc\修了課題\kadai9800\kadai9803\Debug\mt.command.1.tlog
C:\vc\修了課題\kadai9800\kadai9803\Debug\mt.read.1.tlog
C:\vc\修了課題\kadai9800\kadai9803\Debug\mt.write.1.tlog
C:\vc\修了課題\kadai9800\kadai9803\Debug\rc.command.1.tlog
C:\vc\修了課題\kadai9800\kadai9803\Debug\rc.read.1.tlog
C:\vc\修了課題\kadai9800\kadai9803\Debug\rc.write.1.tlog
C:\vc\修了課題\kadai9800\kadai9803\Debug\vc100.idb
C:\VC\修了課題\KADAI9800\KADAI9803\DEBUG\VC100.PDB
