C:\VC\修了課題\KADAI9700\DEBUG\KADAI9708.EXE
C:\VC\修了課題\KADAI9700\DEBUG\KADAI9708.ILK
C:\VC\修了課題\KADAI9700\DEBUG\KADAI9708.PDB
C:\vc\修了課題\kadai9700\kadai9708\Debug\cl.command.1.tlog
C:\vc\修了課題\kadai9700\kadai9708\Debug\CL.read.1.tlog
C:\vc\修了課題\kadai9700\kadai9708\Debug\CL.write.1.tlog
C:\VC\修了課題\KADAI9700\KADAI9708\DEBUG\KADAI9708.EXE.EMBED.MANIFEST
C:\VC\修了課題\KADAI9700\KADAI9708\DEBUG\KADAI9708.EXE.EMBED.MANIFEST.RES
C:\VC\修了課題\KADAI9700\KADAI9708\DEBUG\KADAI9708.EXE.INTERMEDIATE.MANIFEST
C:\VC\修了課題\KADAI9700\KADAI9708\DEBUG\KADAI9708.OBJ
C:\vc\修了課題\kadai9700\kadai9708\Debug\kadai9708_manifest.rc
C:\vc\修了課題\kadai9700\kadai9708\Debug\link.command.1.tlog
C:\vc\修了課題\kadai9700\kadai9708\Debug\link.read.1.tlog
C:\vc\修了課題\kadai9700\kadai9708\Debug\link.write.1.tlog
C:\vc\修了課題\kadai9700\kadai9708\Debug\link-cvtres.read.1.tlog
C:\vc\修了課題\kadai9700\kadai9708\Debug\link-cvtres.write.1.tlog
C:\vc\修了課題\kadai9700\kadai9708\Debug\mt.command.1.tlog
C:\vc\修了課題\kadai9700\kadai9708\Debug\mt.read.1.tlog
C:\vc\修了課題\kadai9700\kadai9708\Debug\mt.write.1.tlog
C:\vc\修了課題\kadai9700\kadai9708\Debug\rc.command.1.tlog
C:\vc\修了課題\kadai9700\kadai9708\Debug\rc.read.1.tlog
C:\vc\修了課題\kadai9700\kadai9708\Debug\rc.write.1.tlog
C:\vc\修了課題\kadai9700\kadai9708\Debug\vc100.idb
C:\VC\修了課題\KADAI9700\KADAI9708\DEBUG\VC100.PDB
