C:\VC\修了課題\KADAI9700\DEBUG\KADAI9706.EXE
C:\VC\修了課題\KADAI9700\DEBUG\KADAI9706.ILK
C:\VC\修了課題\KADAI9700\DEBUG\KADAI9706.PDB
C:\vc\修了課題\kadai9700\kadai9706\Debug\cl.command.1.tlog
C:\vc\修了課題\kadai9700\kadai9706\Debug\CL.read.1.tlog
C:\vc\修了課題\kadai9700\kadai9706\Debug\CL.write.1.tlog
C:\VC\修了課題\KADAI9700\KADAI9706\DEBUG\KADAI9706.EXE.EMBED.MANIFEST
C:\VC\修了課題\KADAI9700\KADAI9706\DEBUG\KADAI9706.EXE.EMBED.MANIFEST.RES
C:\VC\修了課題\KADAI9700\KADAI9706\DEBUG\KADAI9706.EXE.INTERMEDIATE.MANIFEST
C:\VC\修了課題\KADAI9700\KADAI9706\DEBUG\KADAI9706.OBJ
C:\vc\修了課題\kadai9700\kadai9706\Debug\kadai9706_manifest.rc
C:\vc\修了課題\kadai9700\kadai9706\Debug\link.4428.read.1.tlog
C:\vc\修了課題\kadai9700\kadai9706\Debug\link.4428.write.1.tlog
C:\vc\修了課題\kadai9700\kadai9706\Debug\link.4428-cvtres.read.1.tlog
C:\vc\修了課題\kadai9700\kadai9706\Debug\link.4428-cvtres.write.1.tlog
C:\vc\修了課題\kadai9700\kadai9706\Debug\link.command.1.tlog
C:\vc\修了課題\kadai9700\kadai9706\Debug\link.read.1.tlog
C:\vc\修了課題\kadai9700\kadai9706\Debug\link.write.1.tlog
C:\vc\修了課題\kadai9700\kadai9706\Debug\link-cvtres.read.1.tlog
C:\vc\修了課題\kadai9700\kadai9706\Debug\link-cvtres.write.1.tlog
C:\vc\修了課題\kadai9700\kadai9706\Debug\mt.command.1.tlog
C:\vc\修了課題\kadai9700\kadai9706\Debug\mt.read.1.tlog
C:\vc\修了課題\kadai9700\kadai9706\Debug\mt.write.1.tlog
C:\vc\修了課題\kadai9700\kadai9706\Debug\rc.command.1.tlog
C:\vc\修了課題\kadai9700\kadai9706\Debug\rc.read.1.tlog
C:\vc\修了課題\kadai9700\kadai9706\Debug\rc.write.1.tlog
C:\vc\修了課題\kadai9700\kadai9706\Debug\vc100.idb
C:\VC\修了課題\KADAI9700\KADAI9706\DEBUG\VC100.PDB
