C:\VC\修了課題\KADAI9700\DEBUG\KADAI9707.EXE
C:\VC\修了課題\KADAI9700\DEBUG\KADAI9707.ILK
C:\VC\修了課題\KADAI9700\DEBUG\KADAI9707.PDB
C:\vc\修了課題\kadai9700\kadai9707\Debug\cl.command.1.tlog
C:\vc\修了課題\kadai9700\kadai9707\Debug\CL.read.1.tlog
C:\vc\修了課題\kadai9700\kadai9707\Debug\CL.write.1.tlog
C:\VC\修了課題\KADAI9700\KADAI9707\DEBUG\KADAI9707.EXE.EMBED.MANIFEST
C:\VC\修了課題\KADAI9700\KADAI9707\DEBUG\KADAI9707.EXE.EMBED.MANIFEST.RES
C:\VC\修了課題\KADAI9700\KADAI9707\DEBUG\KADAI9707.EXE.INTERMEDIATE.MANIFEST
C:\VC\修了課題\KADAI9700\KADAI9707\DEBUG\KADAI9707.OBJ
C:\vc\修了課題\kadai9700\kadai9707\Debug\kadai9707_manifest.rc
C:\vc\修了課題\kadai9700\kadai9707\Debug\link.7764.read.1.tlog
C:\vc\修了課題\kadai9700\kadai9707\Debug\link.7764.write.1.tlog
C:\vc\修了課題\kadai9700\kadai9707\Debug\link.7764-cvtres.read.1.tlog
C:\vc\修了課題\kadai9700\kadai9707\Debug\link.7764-cvtres.write.1.tlog
C:\vc\修了課題\kadai9700\kadai9707\Debug\link.8508.read.1.tlog
C:\vc\修了課題\kadai9700\kadai9707\Debug\link.8508.write.1.tlog
C:\vc\修了課題\kadai9700\kadai9707\Debug\link.8508-cvtres.read.1.tlog
C:\vc\修了課題\kadai9700\kadai9707\Debug\link.8508-cvtres.write.1.tlog
C:\vc\修了課題\kadai9700\kadai9707\Debug\link.9628.read.1.tlog
C:\vc\修了課題\kadai9700\kadai9707\Debug\link.9628.write.1.tlog
C:\vc\修了課題\kadai9700\kadai9707\Debug\link.9628-cvtres.read.1.tlog
C:\vc\修了課題\kadai9700\kadai9707\Debug\link.9628-cvtres.write.1.tlog
C:\vc\修了課題\kadai9700\kadai9707\Debug\link.9640.read.1.tlog
C:\vc\修了課題\kadai9700\kadai9707\Debug\link.9640.write.1.tlog
C:\vc\修了課題\kadai9700\kadai9707\Debug\link.9640-cvtres.read.1.tlog
C:\vc\修了課題\kadai9700\kadai9707\Debug\link.9640-cvtres.write.1.tlog
C:\vc\修了課題\kadai9700\kadai9707\Debug\link.command.1.tlog
C:\vc\修了課題\kadai9700\kadai9707\Debug\link.read.1.tlog
C:\vc\修了課題\kadai9700\kadai9707\Debug\link.write.1.tlog
C:\vc\修了課題\kadai9700\kadai9707\Debug\link-cvtres.read.1.tlog
C:\vc\修了課題\kadai9700\kadai9707\Debug\link-cvtres.write.1.tlog
C:\vc\修了課題\kadai9700\kadai9707\Debug\mt.command.1.tlog
C:\vc\修了課題\kadai9700\kadai9707\Debug\mt.read.1.tlog
C:\vc\修了課題\kadai9700\kadai9707\Debug\mt.write.1.tlog
C:\vc\修了課題\kadai9700\kadai9707\Debug\rc.command.1.tlog
C:\vc\修了課題\kadai9700\kadai9707\Debug\rc.read.1.tlog
C:\vc\修了課題\kadai9700\kadai9707\Debug\rc.write.1.tlog
C:\vc\修了課題\kadai9700\kadai9707\Debug\vc100.idb
C:\VC\修了課題\KADAI9700\KADAI9707\DEBUG\VC100.PDB
