C:\VC\修了課題\KADAI9800\DEBUG\KADAI9802.EXE
C:\VC\修了課題\KADAI9800\DEBUG\KADAI9802.ILK
C:\VC\修了課題\KADAI9800\DEBUG\KADAI9802.PDB
C:\vc\修了課題\kadai9800\kadai9802\Debug\cl.command.1.tlog
C:\vc\修了課題\kadai9800\kadai9802\Debug\CL.read.1.tlog
C:\vc\修了課題\kadai9800\kadai9802\Debug\CL.write.1.tlog
C:\VC\修了課題\KADAI9800\KADAI9802\DEBUG\KADAI9802.EXE.EMBED.MANIFEST
C:\VC\修了課題\KADAI9800\KADAI9802\DEBUG\KADAI9802.EXE.EMBED.MANIFEST.RES
C:\VC\修了課題\KADAI9800\KADAI9802\DEBUG\KADAI9802.EXE.INTERMEDIATE.MANIFEST
C:\VC\修了課題\KADAI9800\KADAI9802\DEBUG\KADAI9802.OBJ
C:\vc\修了課題\kadai9800\kadai9802\Debug\kadai9802_manifest.rc
C:\vc\修了課題\kadai9800\kadai9802\Debug\link.5868.read.1.tlog
C:\vc\修了課題\kadai9800\kadai9802\Debug\link.5868.write.1.tlog
C:\vc\修了課題\kadai9800\kadai9802\Debug\link.5868-cvtres.read.1.tlog
C:\vc\修了課題\kadai9800\kadai9802\Debug\link.5868-cvtres.write.1.tlog
C:\vc\修了課題\kadai9800\kadai9802\Debug\link.command.1.tlog
C:\vc\修了課題\kadai9800\kadai9802\Debug\link.read.1.tlog
C:\vc\修了課題\kadai9800\kadai9802\Debug\link.write.1.tlog
C:\vc\修了課題\kadai9800\kadai9802\Debug\link-cvtres.read.1.tlog
C:\vc\修了課題\kadai9800\kadai9802\Debug\link-cvtres.write.1.tlog
C:\vc\修了課題\kadai9800\kadai9802\Debug\mt.command.1.tlog
C:\vc\修了課題\kadai9800\kadai9802\Debug\mt.read.1.tlog
C:\vc\修了課題\kadai9800\kadai9802\Debug\mt.write.1.tlog
C:\vc\修了課題\kadai9800\kadai9802\Debug\rc.command.1.tlog
C:\vc\修了課題\kadai9800\kadai9802\Debug\rc.read.1.tlog
C:\vc\修了課題\kadai9800\kadai9802\Debug\rc.write.1.tlog
C:\vc\修了課題\kadai9800\kadai9802\Debug\vc100.idb
C:\VC\修了課題\KADAI9800\KADAI9802\DEBUG\VC100.PDB
